[0.155s] DEBUG:colcon:Command line arguments: ['/usr/bin/colcon', 'build']
[0.155s] DEBUG:colcon:Parsed command line arguments: Namespace(allow_overriding=[], ament_cmake_args=None, base_paths=['.'], build_base='build', catkin_cmake_args=None, catkin_skip_building_tests=False, cmake_args=None, cmake_clean_cache=False, cmake_clean_first=False, cmake_force_configure=False, cmake_target=None, cmake_target_skip_unavailable=False, continue_on_error=False, event_handlers=None, executor='parallel', ignore_user_meta=False, install_base='install', log_base=None, log_level=None, main=<bound method BuildVerb.main of <colcon_core.verb.build.BuildVerb object at 0x7f5393544250>>, merge_install=False, metas=['./colcon.meta'], packages_above=None, packages_above_and_dependencies=None, packages_above_depth=None, packages_end=None, packages_ignore=None, packages_ignore_regex=None, packages_select=None, packages_select_build_failed=False, packages_select_by_dep=None, packages_select_regex=None, packages_select_test_failures=False, packages_skip=None, packages_skip_build_finished=False, packages_skip_by_dep=None, packages_skip_regex=None, packages_skip_test_passed=False, packages_skip_up_to=None, packages_start=None, packages_up_to=None, packages_up_to_regex=None, parallel_workers=2, paths=None, symlink_install=False, test_result_base=None, verb_extension=<colcon_core.verb.build.BuildVerb object at 0x7f5393544250>, verb_name='build', verb_parser=<colcon_defaults.argument_parser.defaults.DefaultArgumentsDecorator object at 0x7f5393544790>)
[0.181s] Level 1:colcon.colcon_core.package_discovery:discover_packages(colcon_meta) check parameters
[0.182s] Level 1:colcon.colcon_core.package_discovery:discover_packages(recursive) check parameters
[0.182s] Level 1:colcon.colcon_core.package_discovery:discover_packages(ignore) check parameters
[0.182s] Level 1:colcon.colcon_core.package_discovery:discover_packages(path) check parameters
[0.182s] Level 1:colcon.colcon_core.package_discovery:discover_packages(colcon_meta) discover
[0.182s] Level 1:colcon.colcon_core.package_discovery:discover_packages(recursive) discover
[0.182s] INFO:colcon.colcon_core.package_discovery:Crawling recursively for packages in '/home/ros/github/stereo-gst/rtabmap launch gui'
[0.182s] Level 1:colcon.colcon_core.package_identification:_identify(.) by extensions ['ignore', 'ignore_ament_install']
[0.182s] Level 1:colcon.colcon_core.package_identification:_identify(.) by extension 'ignore'
[0.182s] Level 1:colcon.colcon_core.package_identification:_identify(.) by extension 'ignore_ament_install'
[0.182s] Level 1:colcon.colcon_core.package_identification:_identify(.) by extensions ['colcon_pkg']
[0.182s] Level 1:colcon.colcon_core.package_identification:_identify(.) by extension 'colcon_pkg'
[0.182s] Level 1:colcon.colcon_core.package_identification:_identify(.) by extensions ['colcon_meta']
[0.182s] Level 1:colcon.colcon_core.package_identification:_identify(.) by extension 'colcon_meta'
[0.182s] Level 1:colcon.colcon_core.package_identification:_identify(.) by extensions ['ros']
[0.183s] Level 1:colcon.colcon_core.package_identification:_identify(.) by extension 'ros'
[0.193s] Level 1:colcon.colcon_core.package_identification:_identify(.) by extensions ['cmake', 'python']
[0.194s] Level 1:colcon.colcon_core.package_identification:_identify(.) by extension 'cmake'
[0.194s] Level 1:colcon.colcon_core.package_identification:_identify(.) by extension 'python'
[0.194s] Level 1:colcon.colcon_core.package_identification:_identify(.) by extensions ['python_setup_py']
[0.194s] Level 1:colcon.colcon_core.package_identification:_identify(.) by extension 'python_setup_py'
[0.194s] Level 1:colcon.colcon_core.package_identification:_identify(build) by extensions ['ignore', 'ignore_ament_install']
[0.194s] Level 1:colcon.colcon_core.package_identification:_identify(build) by extension 'ignore'
[0.194s] Level 1:colcon.colcon_core.package_identification:_identify(build) ignored
[0.195s] Level 1:colcon.colcon_core.package_identification:_identify(install) by extensions ['ignore', 'ignore_ament_install']
[0.195s] Level 1:colcon.colcon_core.package_identification:_identify(install) by extension 'ignore'
[0.195s] Level 1:colcon.colcon_core.package_identification:_identify(install) ignored
[0.195s] Level 1:colcon.colcon_core.package_identification:_identify(launch_tool) by extensions ['ignore', 'ignore_ament_install']
[0.195s] Level 1:colcon.colcon_core.package_identification:_identify(launch_tool) by extension 'ignore'
[0.195s] Level 1:colcon.colcon_core.package_identification:_identify(launch_tool) by extension 'ignore_ament_install'
[0.195s] Level 1:colcon.colcon_core.package_identification:_identify(launch_tool) by extensions ['colcon_pkg']
[0.195s] Level 1:colcon.colcon_core.package_identification:_identify(launch_tool) by extension 'colcon_pkg'
[0.195s] Level 1:colcon.colcon_core.package_identification:_identify(launch_tool) by extensions ['colcon_meta']
[0.195s] Level 1:colcon.colcon_core.package_identification:_identify(launch_tool) by extension 'colcon_meta'
[0.195s] Level 1:colcon.colcon_core.package_identification:_identify(launch_tool) by extensions ['ros']
[0.195s] Level 1:colcon.colcon_core.package_identification:_identify(launch_tool) by extension 'ros'
[0.198s] DEBUG:colcon.colcon_core.package_identification:Package 'launch_tool' with type 'ros.ament_cmake' and name 'launch_tool'
[0.198s] Level 1:colcon.colcon_core.package_identification:_identify(log) by extensions ['ignore', 'ignore_ament_install']
[0.198s] Level 1:colcon.colcon_core.package_identification:_identify(log) by extension 'ignore'
[0.198s] Level 1:colcon.colcon_core.package_identification:_identify(log) ignored
[0.198s] Level 1:colcon.colcon_core.package_discovery:discover_packages(recursive) using defaults
[0.198s] Level 1:colcon.colcon_core.package_discovery:discover_packages(ignore) discover
[0.198s] Level 1:colcon.colcon_core.package_discovery:discover_packages(ignore) using defaults
[0.198s] Level 1:colcon.colcon_core.package_discovery:discover_packages(path) discover
[0.198s] Level 1:colcon.colcon_core.package_discovery:discover_packages(path) using defaults
[0.229s] Level 1:colcon.colcon_core.package_discovery:discover_packages(prefix_path) check parameters
[0.230s] Level 1:colcon.colcon_core.package_discovery:discover_packages(prefix_path) discover
[0.233s] DEBUG:colcon.colcon_installed_package_information.package_discovery:Found 294 installed packages in /opt/ros/foxy
[0.234s] Level 1:colcon.colcon_core.package_discovery:discover_packages(prefix_path) using defaults
[0.308s] Level 5:colcon.colcon_core.verb:set package 'launch_tool' build argument 'cmake_args' from command line to 'None'
[0.308s] Level 5:colcon.colcon_core.verb:set package 'launch_tool' build argument 'cmake_target' from command line to 'None'
[0.308s] Level 5:colcon.colcon_core.verb:set package 'launch_tool' build argument 'cmake_target_skip_unavailable' from command line to 'False'
[0.308s] Level 5:colcon.colcon_core.verb:set package 'launch_tool' build argument 'cmake_clean_cache' from command line to 'False'
[0.308s] Level 5:colcon.colcon_core.verb:set package 'launch_tool' build argument 'cmake_clean_first' from command line to 'False'
[0.308s] Level 5:colcon.colcon_core.verb:set package 'launch_tool' build argument 'cmake_force_configure' from command line to 'False'
[0.308s] Level 5:colcon.colcon_core.verb:set package 'launch_tool' build argument 'ament_cmake_args' from command line to 'None'
[0.308s] Level 5:colcon.colcon_core.verb:set package 'launch_tool' build argument 'catkin_cmake_args' from command line to 'None'
[0.308s] Level 5:colcon.colcon_core.verb:set package 'launch_tool' build argument 'catkin_skip_building_tests' from command line to 'False'
[0.308s] DEBUG:colcon.colcon_core.verb:Building package 'launch_tool' with the following arguments: {'ament_cmake_args': None, 'build_base': '/home/ros/github/stereo-gst/rtabmap launch gui/build/launch_tool', 'catkin_cmake_args': None, 'catkin_skip_building_tests': False, 'cmake_args': None, 'cmake_clean_cache': False, 'cmake_clean_first': False, 'cmake_force_configure': False, 'cmake_target': None, 'cmake_target_skip_unavailable': False, 'install_base': '/home/ros/github/stereo-gst/rtabmap launch gui/install/launch_tool', 'merge_install': False, 'path': '/home/ros/github/stereo-gst/rtabmap launch gui/launch_tool', 'symlink_install': False, 'test_result_base': None}
[0.309s] INFO:colcon.colcon_core.executor:Executing jobs using 'parallel' executor
[0.314s] DEBUG:colcon.colcon_parallel_executor.executor.parallel:run_until_complete
[0.314s] INFO:colcon.colcon_ros.task.ament_cmake.build:Building ROS package in '/home/ros/github/stereo-gst/rtabmap launch gui/launch_tool' with build type 'ament_cmake'
[0.315s] INFO:colcon.colcon_cmake.task.cmake.build:Building CMake package in '/home/ros/github/stereo-gst/rtabmap launch gui/launch_tool'
[0.320s] INFO:colcon.colcon_core.plugin_system:Skipping extension 'colcon_core.shell.bat': Not used on non-Windows systems
[0.320s] INFO:colcon.colcon_core.shell:Skip shell extension 'powershell' for command environment: Not usable outside of PowerShell
[0.320s] DEBUG:colcon.colcon_core.shell:Skip shell extension 'dsv' for command environment
[0.337s] DEBUG:colcon.colcon_core.event_handler.log_command:Invoking command in '/home/ros/github/stereo-gst/rtabmap launch gui/build/launch_tool': CMAKE_PREFIX_PATH=/opt/ros/foxy /usr/bin/cmake /home/ros/github/stereo-gst/rtabmap launch gui/launch_tool -DCMAKE_INSTALL_PREFIX=/home/ros/github/stereo-gst/rtabmap launch gui/install/launch_tool
[1.109s] DEBUG:colcon.colcon_core.event_handler.log_command:Invoked command in '/home/ros/github/stereo-gst/rtabmap launch gui/build/launch_tool' returned '0': CMAKE_PREFIX_PATH=/opt/ros/foxy /usr/bin/cmake /home/ros/github/stereo-gst/rtabmap launch gui/launch_tool -DCMAKE_INSTALL_PREFIX=/home/ros/github/stereo-gst/rtabmap launch gui/install/launch_tool
[1.110s] DEBUG:colcon.colcon_core.event_handler.log_command:Invoking command in '/home/ros/github/stereo-gst/rtabmap launch gui/build/launch_tool': CMAKE_PREFIX_PATH=/opt/ros/foxy /usr/bin/cmake --build /home/ros/github/stereo-gst/rtabmap launch gui/build/launch_tool -- -j2 -l2
[6.494s] DEBUG:colcon.colcon_core.event_handler.log_command:Invoked command in '/home/ros/github/stereo-gst/rtabmap launch gui/build/launch_tool' returned '0': CMAKE_PREFIX_PATH=/opt/ros/foxy /usr/bin/cmake --build /home/ros/github/stereo-gst/rtabmap launch gui/build/launch_tool -- -j2 -l2
[6.538s] DEBUG:colcon.colcon_core.event_handler.log_command:Invoking command in '/home/ros/github/stereo-gst/rtabmap launch gui/build/launch_tool': CMAKE_PREFIX_PATH=/opt/ros/foxy /usr/bin/cmake --install /home/ros/github/stereo-gst/rtabmap launch gui/build/launch_tool
[6.553s] Level 1:colcon.colcon_core.environment:create_environment_scripts_only(launch_tool)
[6.555s] DEBUG:colcon.colcon_core.event_handler.log_command:Invoked command in '/home/ros/github/stereo-gst/rtabmap launch gui/build/launch_tool' returned '0': CMAKE_PREFIX_PATH=/opt/ros/foxy /usr/bin/cmake --install /home/ros/github/stereo-gst/rtabmap launch gui/build/launch_tool
[6.558s] Level 1:colcon.colcon_core.environment:checking '/home/ros/github/stereo-gst/rtabmap launch gui/install/launch_tool' for CMake module files
[6.559s] Level 1:colcon.colcon_core.environment:checking '/home/ros/github/stereo-gst/rtabmap launch gui/install/launch_tool' for CMake config files
[6.559s] Level 1:colcon.colcon_core.shell:create_environment_hook('launch_tool', 'cmake_prefix_path')
[6.561s] INFO:colcon.colcon_core.shell:Creating environment hook '/home/ros/github/stereo-gst/rtabmap launch gui/install/launch_tool/share/launch_tool/hook/cmake_prefix_path.ps1'
[6.572s] INFO:colcon.colcon_core.shell:Creating environment descriptor '/home/ros/github/stereo-gst/rtabmap launch gui/install/launch_tool/share/launch_tool/hook/cmake_prefix_path.dsv'
[6.573s] INFO:colcon.colcon_core.shell:Creating environment hook '/home/ros/github/stereo-gst/rtabmap launch gui/install/launch_tool/share/launch_tool/hook/cmake_prefix_path.sh'
[6.574s] Level 1:colcon.colcon_core.environment:checking '/home/ros/github/stereo-gst/rtabmap launch gui/install/launch_tool/lib'
[6.575s] Level 1:colcon.colcon_core.environment:checking '/home/ros/github/stereo-gst/rtabmap launch gui/install/launch_tool/bin'
[6.575s] Level 1:colcon.colcon_core.environment:checking '/home/ros/github/stereo-gst/rtabmap launch gui/install/launch_tool/lib/pkgconfig/launch_tool.pc'
[6.575s] Level 1:colcon.colcon_core.environment:checking '/home/ros/github/stereo-gst/rtabmap launch gui/install/launch_tool/lib/python3.8/site-packages'
[6.575s] Level 1:colcon.colcon_core.environment:checking '/home/ros/github/stereo-gst/rtabmap launch gui/install/launch_tool/bin'
[6.577s] INFO:colcon.colcon_core.shell:Creating package script '/home/ros/github/stereo-gst/rtabmap launch gui/install/launch_tool/share/launch_tool/package.ps1'
[6.578s] INFO:colcon.colcon_core.shell:Creating package descriptor '/home/ros/github/stereo-gst/rtabmap launch gui/install/launch_tool/share/launch_tool/package.dsv'
[6.579s] INFO:colcon.colcon_core.shell:Creating package script '/home/ros/github/stereo-gst/rtabmap launch gui/install/launch_tool/share/launch_tool/package.sh'
[6.580s] INFO:colcon.colcon_core.shell:Creating package script '/home/ros/github/stereo-gst/rtabmap launch gui/install/launch_tool/share/launch_tool/package.bash'
[6.581s] INFO:colcon.colcon_core.shell:Creating package script '/home/ros/github/stereo-gst/rtabmap launch gui/install/launch_tool/share/launch_tool/package.zsh'
[6.582s] Level 1:colcon.colcon_core.environment:create_file_with_runtime_dependencies(/home/ros/github/stereo-gst/rtabmap launch gui/install/launch_tool/share/colcon-core/packages/launch_tool)
[6.614s] Level 1:colcon.colcon_core.environment:create_environment_scripts_only(launch_tool)
[6.617s] Level 1:colcon.colcon_core.environment:checking '/home/ros/github/stereo-gst/rtabmap launch gui/install/launch_tool' for CMake module files
[6.617s] Level 1:colcon.colcon_core.environment:checking '/home/ros/github/stereo-gst/rtabmap launch gui/install/launch_tool' for CMake config files
[6.617s] Level 1:colcon.colcon_core.shell:create_environment_hook('launch_tool', 'cmake_prefix_path')
[6.619s] INFO:colcon.colcon_core.shell:Creating environment hook '/home/ros/github/stereo-gst/rtabmap launch gui/install/launch_tool/share/launch_tool/hook/cmake_prefix_path.ps1'
[6.620s] INFO:colcon.colcon_core.shell:Creating environment descriptor '/home/ros/github/stereo-gst/rtabmap launch gui/install/launch_tool/share/launch_tool/hook/cmake_prefix_path.dsv'
[6.620s] INFO:colcon.colcon_core.shell:Creating environment hook '/home/ros/github/stereo-gst/rtabmap launch gui/install/launch_tool/share/launch_tool/hook/cmake_prefix_path.sh'
[6.621s] Level 1:colcon.colcon_core.environment:checking '/home/ros/github/stereo-gst/rtabmap launch gui/install/launch_tool/lib'
[6.621s] Level 1:colcon.colcon_core.environment:checking '/home/ros/github/stereo-gst/rtabmap launch gui/install/launch_tool/bin'
[6.621s] Level 1:colcon.colcon_core.environment:checking '/home/ros/github/stereo-gst/rtabmap launch gui/install/launch_tool/lib/pkgconfig/launch_tool.pc'
[6.622s] Level 1:colcon.colcon_core.environment:checking '/home/ros/github/stereo-gst/rtabmap launch gui/install/launch_tool/lib/python3.8/site-packages'
[6.622s] Level 1:colcon.colcon_core.environment:checking '/home/ros/github/stereo-gst/rtabmap launch gui/install/launch_tool/bin'
[6.623s] INFO:colcon.colcon_core.shell:Creating package script '/home/ros/github/stereo-gst/rtabmap launch gui/install/launch_tool/share/launch_tool/package.ps1'
[6.624s] INFO:colcon.colcon_core.shell:Creating package descriptor '/home/ros/github/stereo-gst/rtabmap launch gui/install/launch_tool/share/launch_tool/package.dsv'
[6.625s] INFO:colcon.colcon_core.shell:Creating package script '/home/ros/github/stereo-gst/rtabmap launch gui/install/launch_tool/share/launch_tool/package.sh'
[6.626s] INFO:colcon.colcon_core.shell:Creating package script '/home/ros/github/stereo-gst/rtabmap launch gui/install/launch_tool/share/launch_tool/package.bash'
[6.627s] INFO:colcon.colcon_core.shell:Creating package script '/home/ros/github/stereo-gst/rtabmap launch gui/install/launch_tool/share/launch_tool/package.zsh'
[6.628s] Level 1:colcon.colcon_core.environment:create_file_with_runtime_dependencies(/home/ros/github/stereo-gst/rtabmap launch gui/install/launch_tool/share/colcon-core/packages/launch_tool)
[6.628s] DEBUG:colcon.colcon_parallel_executor.executor.parallel:closing loop
[6.629s] DEBUG:colcon.colcon_parallel_executor.executor.parallel:loop closed
[6.630s] DEBUG:colcon.colcon_parallel_executor.executor.parallel:run_until_complete finished with '0'
[6.630s] DEBUG:colcon.colcon_core.event_reactor:joining thread
[6.639s] INFO:colcon.colcon_core.plugin_system:Skipping extension 'colcon_notification.desktop_notification.terminal_notifier': Not used on non-Darwin systems
[6.639s] INFO:colcon.colcon_core.plugin_system:Skipping extension 'colcon_notification.desktop_notification.win32': Not used on non-Windows systems
[6.639s] INFO:colcon.colcon_notification.desktop_notification:Sending desktop notification using 'notify2'
[6.658s] DEBUG:colcon.colcon_core.event_reactor:joined thread
[6.660s] INFO:colcon.colcon_core.shell:Creating prefix script '/home/ros/github/stereo-gst/rtabmap launch gui/install/local_setup.ps1'
[6.661s] INFO:colcon.colcon_core.shell:Creating prefix util module '/home/ros/github/stereo-gst/rtabmap launch gui/install/_local_setup_util_ps1.py'
[6.665s] INFO:colcon.colcon_core.shell:Creating prefix chain script '/home/ros/github/stereo-gst/rtabmap launch gui/install/setup.ps1'
[6.666s] INFO:colcon.colcon_core.shell:Creating prefix script '/home/ros/github/stereo-gst/rtabmap launch gui/install/local_setup.sh'
[6.667s] INFO:colcon.colcon_core.shell:Creating prefix util module '/home/ros/github/stereo-gst/rtabmap launch gui/install/_local_setup_util_sh.py'
[6.668s] INFO:colcon.colcon_core.shell:Creating prefix chain script '/home/ros/github/stereo-gst/rtabmap launch gui/install/setup.sh'
[6.671s] INFO:colcon.colcon_core.shell:Creating prefix script '/home/ros/github/stereo-gst/rtabmap launch gui/install/local_setup.bash'
[6.672s] INFO:colcon.colcon_core.shell:Creating prefix chain script '/home/ros/github/stereo-gst/rtabmap launch gui/install/setup.bash'
[6.674s] INFO:colcon.colcon_core.shell:Creating prefix script '/home/ros/github/stereo-gst/rtabmap launch gui/install/local_setup.zsh'
[6.675s] INFO:colcon.colcon_core.shell:Creating prefix chain script '/home/ros/github/stereo-gst/rtabmap launch gui/install/setup.zsh'
