-- The C compiler identification is GNU 9.4.0
-- The CXX compiler identification is GNU 9.4.0
-- Check for working C compiler: /usr/bin/cc
-- Check for working C compiler: /usr/bin/cc -- works
-- Detecting C compiler ABI info
-- Detecting C compiler ABI info - done
-- Detecting C compile features
-- Detecting C compile features - done
-- Check for working CXX compiler: /usr/bin/c++
-- Check for working CXX compiler: /usr/bin/c++ -- works
-- Detecting CXX compiler ABI info
-- Detecting CXX compiler ABI info - done
-- Detecting CXX compile features
-- Detecting CXX compile features - done
-- Found ament_cmake: 0.9.11 (/opt/ros/foxy/share/ament_cmake/cmake)
-- Found PythonInterp: /usr/bin/python3 (found suitable version "3.8.10", minimum required is "3") 
-- Using PYTHON_EXECUTABLE: /usr/bin/python3
-- Found rclcpp: 2.4.2 (/opt/ros/foxy/share/rclcpp/cmake)
-- Using all available rosidl_typesupport_c: rosidl_typesupport_fastrtps_c;rosidl_typesupport_introspection_c
-- Found rosidl_adapter: 1.3.0 (/opt/ros/foxy/share/rosidl_adapter/cmake)
-- Found OpenSSL: /usr/lib/x86_64-linux-gnu/libcrypto.so (found version "1.1.1f")  
-- Found FastRTPS: /opt/ros/foxy/include  
-- Using all available rosidl_typesupport_cpp: rosidl_typesupport_fastrtps_cpp;rosidl_typesupport_introspection_cpp
-- Found rmw_implementation_cmake: 1.0.3 (/opt/ros/foxy/share/rmw_implementation_cmake/cmake)
-- Using RMW implementation 'rmw_fastrtps_cpp' as default
-- Looking for pthread.h
-- Looking for pthread.h - found
-- Performing Test CMAKE_HAVE_LIBC_PTHREAD
-- Performing Test CMAKE_HAVE_LIBC_PTHREAD - Failed
-- Looking for pthread_create in pthreads
-- Looking for pthread_create in pthreads - not found
-- Looking for pthread_create in pthread
-- Looking for pthread_create in pthread - found
-- Found Threads: TRUE  
-- Configuring done
-- Generating done
-- Build files have been written to: /home/ros/github/stereo-gst/3_gui_launch_tool/__prototypes__/2.0_gui_pub_sub/build/launch_tool
[35m[1mScanning dependencies of target sub_autogen[0m
[35m[1mScanning dependencies of target pub_autogen[0m
[ 25%] [34m[1mAutomatic MOC and UIC for target pub[0m
[ 25%] [34m[1mAutomatic MOC and UIC for target sub[0m
[ 25%] Built target sub_autogen
[ 25%] Built target pub_autogen
[35m[1mScanning dependencies of target sub[0m
[35m[1mScanning dependencies of target pub[0m
[ 37%] [32mBuilding CXX object CMakeFiles/sub.dir/sub_autogen/mocs_compilation.cpp.o[0m
[ 50%] [32mBuilding CXX object CMakeFiles/sub.dir/src/sub.cpp.o[0m
[ 62%] [32mBuilding CXX object CMakeFiles/pub.dir/pub_autogen/mocs_compilation.cpp.o[0m
[ 75%] [32mBuilding CXX object CMakeFiles/pub.dir/src/pub.cpp.o[0m
[ 87%] [32m[1mLinking CXX executable sub[0m
[ 87%] Built target sub
[100%] [32m[1mLinking CXX executable pub[0m
[100%] Built target pub
-- Install configuration: ""
-- Installing: /home/ros/github/stereo-gst/3_gui_launch_tool/__prototypes__/2.0_gui_pub_sub/install/launch_tool/lib/launch_tool/pub
-- Set runtime path of "/home/ros/github/stereo-gst/3_gui_launch_tool/__prototypes__/2.0_gui_pub_sub/install/launch_tool/lib/launch_tool/pub" to ""
-- Installing: /home/ros/github/stereo-gst/3_gui_launch_tool/__prototypes__/2.0_gui_pub_sub/install/launch_tool/lib/launch_tool/sub
-- Set runtime path of "/home/ros/github/stereo-gst/3_gui_launch_tool/__prototypes__/2.0_gui_pub_sub/install/launch_tool/lib/launch_tool/sub" to ""
-- Installing: /home/ros/github/stereo-gst/3_gui_launch_tool/__prototypes__/2.0_gui_pub_sub/install/launch_tool/share/ament_index/resource_index/package_run_dependencies/launch_tool
-- Installing: /home/ros/github/stereo-gst/3_gui_launch_tool/__prototypes__/2.0_gui_pub_sub/install/launch_tool/share/ament_index/resource_index/parent_prefix_path/launch_tool
-- Installing: /home/ros/github/stereo-gst/3_gui_launch_tool/__prototypes__/2.0_gui_pub_sub/install/launch_tool/share/launch_tool/environment/ament_prefix_path.sh
-- Installing: /home/ros/github/stereo-gst/3_gui_launch_tool/__prototypes__/2.0_gui_pub_sub/install/launch_tool/share/launch_tool/environment/ament_prefix_path.dsv
-- Installing: /home/ros/github/stereo-gst/3_gui_launch_tool/__prototypes__/2.0_gui_pub_sub/install/launch_tool/share/launch_tool/environment/path.sh
-- Installing: /home/ros/github/stereo-gst/3_gui_launch_tool/__prototypes__/2.0_gui_pub_sub/install/launch_tool/share/launch_tool/environment/path.dsv
-- Installing: /home/ros/github/stereo-gst/3_gui_launch_tool/__prototypes__/2.0_gui_pub_sub/install/launch_tool/share/launch_tool/local_setup.bash
-- Installing: /home/ros/github/stereo-gst/3_gui_launch_tool/__prototypes__/2.0_gui_pub_sub/install/launch_tool/share/launch_tool/local_setup.sh
-- Installing: /home/ros/github/stereo-gst/3_gui_launch_tool/__prototypes__/2.0_gui_pub_sub/install/launch_tool/share/launch_tool/local_setup.zsh
-- Installing: /home/ros/github/stereo-gst/3_gui_launch_tool/__prototypes__/2.0_gui_pub_sub/install/launch_tool/share/launch_tool/local_setup.dsv
-- Installing: /home/ros/github/stereo-gst/3_gui_launch_tool/__prototypes__/2.0_gui_pub_sub/install/launch_tool/share/launch_tool/package.dsv
-- Installing: /home/ros/github/stereo-gst/3_gui_launch_tool/__prototypes__/2.0_gui_pub_sub/install/launch_tool/share/ament_index/resource_index/packages/launch_tool
-- Installing: /home/ros/github/stereo-gst/3_gui_launch_tool/__prototypes__/2.0_gui_pub_sub/install/launch_tool/share/launch_tool/cmake/launch_toolConfig.cmake
-- Installing: /home/ros/github/stereo-gst/3_gui_launch_tool/__prototypes__/2.0_gui_pub_sub/install/launch_tool/share/launch_tool/cmake/launch_toolConfig-version.cmake
-- Installing: /home/ros/github/stereo-gst/3_gui_launch_tool/__prototypes__/2.0_gui_pub_sub/install/launch_tool/share/launch_tool/package.xml
