[0.025s] Invoking command in '/home/ros/github/stereo-gst/3_gui_launch_tool/__prototypes__/2.0_gui_pub_sub/build/pub': CMAKE_PREFIX_PATH=${CMAKE_PREFIX_PATH}:/opt/ros/foxy /usr/bin/cmake /home/ros/github/stereo-gst/3_gui_launch_tool/__prototypes__/2.0_gui_pub_sub/pub -DCMAKE_INSTALL_PREFIX=/home/ros/github/stereo-gst/3_gui_launch_tool/__prototypes__/2.0_gui_pub_sub/install/pub
[0.119s] -- The C compiler identification is GNU 9.4.0
[0.180s] -- The CXX compiler identification is GNU 9.4.0
[0.185s] -- Check for working C compiler: /usr/bin/cc
[0.269s] -- Check for working C compiler: /usr/bin/cc -- works
[0.269s] -- Detecting C compiler ABI info
[0.345s] -- Detecting C compiler ABI info - done
[0.356s] -- Detecting C compile features
[0.356s] -- Detecting C compile features - done
[0.359s] -- Check for working CXX compiler: /usr/bin/c++
[0.445s] -- Check for working CXX compiler: /usr/bin/c++ -- works
[0.452s] -- Detecting CXX compiler ABI info
[0.528s] -- Detecting CXX compiler ABI info - done
[0.539s] -- Detecting CXX compile features
[0.540s] -- Detecting CXX compile features - done
[0.542s] -- Found ament_cmake: 0.9.11 (/opt/ros/foxy/share/ament_cmake/cmake)
[0.569s] -- Found PythonInterp: /usr/bin/python3 (found suitable version "3.8.10", minimum required is "3") 
[0.569s] -- Using PYTHON_EXECUTABLE: /usr/bin/python3
[0.768s] -- Found rclcpp: 2.4.2 (/opt/ros/foxy/share/rclcpp/cmake)
[0.822s] -- Using all available rosidl_typesupport_c: rosidl_typesupport_fastrtps_c;rosidl_typesupport_introspection_c
[0.831s] -- Found rosidl_adapter: 1.3.0 (/opt/ros/foxy/share/rosidl_adapter/cmake)
[0.909s] -- Found OpenSSL: /usr/lib/x86_64-linux-gnu/libcrypto.so (found version "1.1.1f")  
[0.941s] -- Found FastRTPS: /opt/ros/foxy/include  
[1.019s] -- Using all available rosidl_typesupport_cpp: rosidl_typesupport_fastrtps_cpp;rosidl_typesupport_introspection_cpp
[1.082s] -- Found rmw_implementation_cmake: 1.0.3 (/opt/ros/foxy/share/rmw_implementation_cmake/cmake)
[1.084s] -- Using RMW implementation 'rmw_fastrtps_cpp' as default
[1.085s] -- Looking for pthread.h
[1.166s] -- Looking for pthread.h - found
[1.166s] -- Performing Test CMAKE_HAVE_LIBC_PTHREAD
[1.248s] -- Performing Test CMAKE_HAVE_LIBC_PTHREAD - Failed
[1.249s] -- Looking for pthread_create in pthreads
[1.328s] -- Looking for pthread_create in pthreads - not found
[1.328s] -- Looking for pthread_create in pthread
[1.413s] -- Looking for pthread_create in pthread - found
[1.413s] -- Found Threads: TRUE  
[1.657s] -- Configuring done
[1.679s] -- Generating done
[1.681s] -- Build files have been written to: /home/ros/github/stereo-gst/3_gui_launch_tool/__prototypes__/2.0_gui_pub_sub/build/pub
[1.692s] Invoked command in '/home/ros/github/stereo-gst/3_gui_launch_tool/__prototypes__/2.0_gui_pub_sub/build/pub' returned '0': CMAKE_PREFIX_PATH=${CMAKE_PREFIX_PATH}:/opt/ros/foxy /usr/bin/cmake /home/ros/github/stereo-gst/3_gui_launch_tool/__prototypes__/2.0_gui_pub_sub/pub -DCMAKE_INSTALL_PREFIX=/home/ros/github/stereo-gst/3_gui_launch_tool/__prototypes__/2.0_gui_pub_sub/install/pub
[1.694s] Invoking command in '/home/ros/github/stereo-gst/3_gui_launch_tool/__prototypes__/2.0_gui_pub_sub/build/pub': CMAKE_PREFIX_PATH=${CMAKE_PREFIX_PATH}:/opt/ros/foxy /usr/bin/cmake --build /home/ros/github/stereo-gst/3_gui_launch_tool/__prototypes__/2.0_gui_pub_sub/build/pub -- -j2 -l2
[1.740s] [35m[1mScanning dependencies of target pub_autogen[0m
[1.754s] [ 25%] [34m[1mAutomatic MOC and UIC for target pub[0m
[1.799s] [ 25%] Built target pub_autogen
[1.811s] [35m[1mScanning dependencies of target pub[0m
[1.896s] [ 50%] [32mBuilding CXX object CMakeFiles/pub.dir/pub_autogen/mocs_compilation.cpp.o[0m
[1.909s] [ 75%] [32mBuilding CXX object CMakeFiles/pub.dir/src/pub.cpp.o[0m
[7.641s] [100%] [32m[1mLinking CXX executable pub[0m
[8.312s] [100%] Built target pub
[8.324s] Invoked command in '/home/ros/github/stereo-gst/3_gui_launch_tool/__prototypes__/2.0_gui_pub_sub/build/pub' returned '0': CMAKE_PREFIX_PATH=${CMAKE_PREFIX_PATH}:/opt/ros/foxy /usr/bin/cmake --build /home/ros/github/stereo-gst/3_gui_launch_tool/__prototypes__/2.0_gui_pub_sub/build/pub -- -j2 -l2
[8.352s] Invoking command in '/home/ros/github/stereo-gst/3_gui_launch_tool/__prototypes__/2.0_gui_pub_sub/build/pub': CMAKE_PREFIX_PATH=${CMAKE_PREFIX_PATH}:/opt/ros/foxy /usr/bin/cmake --install /home/ros/github/stereo-gst/3_gui_launch_tool/__prototypes__/2.0_gui_pub_sub/build/pub
[8.360s] -- Install configuration: ""
[8.360s] -- Installing: /home/ros/github/stereo-gst/3_gui_launch_tool/__prototypes__/2.0_gui_pub_sub/install/pub/lib/pub/pub
[8.361s] -- Set runtime path of "/home/ros/github/stereo-gst/3_gui_launch_tool/__prototypes__/2.0_gui_pub_sub/install/pub/lib/pub/pub" to ""
[8.361s] -- Installing: /home/ros/github/stereo-gst/3_gui_launch_tool/__prototypes__/2.0_gui_pub_sub/install/pub/share/ament_index/resource_index/package_run_dependencies/pub
[8.362s] -- Installing: /home/ros/github/stereo-gst/3_gui_launch_tool/__prototypes__/2.0_gui_pub_sub/install/pub/share/ament_index/resource_index/parent_prefix_path/pub
[8.362s] -- Installing: /home/ros/github/stereo-gst/3_gui_launch_tool/__prototypes__/2.0_gui_pub_sub/install/pub/share/pub/environment/ament_prefix_path.sh
[8.362s] -- Installing: /home/ros/github/stereo-gst/3_gui_launch_tool/__prototypes__/2.0_gui_pub_sub/install/pub/share/pub/environment/ament_prefix_path.dsv
[8.362s] -- Installing: /home/ros/github/stereo-gst/3_gui_launch_tool/__prototypes__/2.0_gui_pub_sub/install/pub/share/pub/environment/path.sh
[8.363s] -- Installing: /home/ros/github/stereo-gst/3_gui_launch_tool/__prototypes__/2.0_gui_pub_sub/install/pub/share/pub/environment/path.dsv
[8.363s] -- Installing: /home/ros/github/stereo-gst/3_gui_launch_tool/__prototypes__/2.0_gui_pub_sub/install/pub/share/pub/local_setup.bash
[8.363s] -- Installing: /home/ros/github/stereo-gst/3_gui_launch_tool/__prototypes__/2.0_gui_pub_sub/install/pub/share/pub/local_setup.sh
[8.363s] -- Installing: /home/ros/github/stereo-gst/3_gui_launch_tool/__prototypes__/2.0_gui_pub_sub/install/pub/share/pub/local_setup.zsh
[8.364s] -- Installing: /home/ros/github/stereo-gst/3_gui_launch_tool/__prototypes__/2.0_gui_pub_sub/install/pub/share/pub/local_setup.dsv
[8.364s] -- Installing: /home/ros/github/stereo-gst/3_gui_launch_tool/__prototypes__/2.0_gui_pub_sub/install/pub/share/pub/package.dsv
[8.364s] -- Installing: /home/ros/github/stereo-gst/3_gui_launch_tool/__prototypes__/2.0_gui_pub_sub/install/pub/share/ament_index/resource_index/packages/pub
[8.364s] -- Installing: /home/ros/github/stereo-gst/3_gui_launch_tool/__prototypes__/2.0_gui_pub_sub/install/pub/share/pub/cmake/pubConfig.cmake
[8.365s] -- Installing: /home/ros/github/stereo-gst/3_gui_launch_tool/__prototypes__/2.0_gui_pub_sub/install/pub/share/pub/cmake/pubConfig-version.cmake
[8.365s] -- Installing: /home/ros/github/stereo-gst/3_gui_launch_tool/__prototypes__/2.0_gui_pub_sub/install/pub/share/pub/package.xml
[8.380s] Invoked command in '/home/ros/github/stereo-gst/3_gui_launch_tool/__prototypes__/2.0_gui_pub_sub/build/pub' returned '0': CMAKE_PREFIX_PATH=${CMAKE_PREFIX_PATH}:/opt/ros/foxy /usr/bin/cmake --install /home/ros/github/stereo-gst/3_gui_launch_tool/__prototypes__/2.0_gui_pub_sub/build/pub
