-- Found ament_cmake: 0.9.11 (/opt/ros/foxy/share/ament_cmake/cmake)
-- Using PYTHON_EXECUTABLE: /usr/bin/python3
-- Found rclcpp: 2.4.2 (/opt/ros/foxy/share/rclcpp/cmake)
-- Using all available rosidl_typesupport_c: rosidl_typesupport_fastrtps_c;rosidl_typesupport_introspection_c
-- Found rosidl_adapter: 1.3.0 (/opt/ros/foxy/share/rosidl_adapter/cmake)
-- Using all available rosidl_typesupport_cpp: rosidl_typesupport_fastrtps_cpp;rosidl_typesupport_introspection_cpp
-- Found rmw_implementation_cmake: 1.0.3 (/opt/ros/foxy/share/rmw_implementation_cmake/cmake)
-- Using RMW implementation 'rmw_fastrtps_cpp' as default
-- Configuring done
-- Generating done
-- Build files have been written to: /home/ros/github/stereo-gst/rtabmap launch gui/build/launch_tool
[35m[1mScanning dependencies of target launch_tool_autogen[0m
[ 25%] [34m[1mAutomatic MOC and UIC for target launch_tool[0m
[ 25%] Built target launch_tool_autogen
[35m[1mScanning dependencies of target launch_tool[0m
[ 50%] [32mBuilding CXX object CMakeFiles/launch_tool.dir/launch_tool_autogen/mocs_compilation.cpp.o[0m
[ 75%] [32mBuilding CXX object CMakeFiles/launch_tool.dir/src/tool.cpp.o[0m
[100%] [32m[1mLinking CXX executable launch_tool[0m
[100%] Built target launch_tool
-- Install configuration: ""
-- Installing: /home/ros/github/stereo-gst/rtabmap launch gui/install/launch_tool/lib/launch_tool/launch_tool
-- Set runtime path of "/home/ros/github/stereo-gst/rtabmap launch gui/install/launch_tool/lib/launch_tool/launch_tool" to ""
-- Installing: /home/ros/github/stereo-gst/rtabmap launch gui/install/launch_tool/share/ament_index/resource_index/package_run_dependencies/launch_tool
-- Installing: /home/ros/github/stereo-gst/rtabmap launch gui/install/launch_tool/share/ament_index/resource_index/parent_prefix_path/launch_tool
-- Installing: /home/ros/github/stereo-gst/rtabmap launch gui/install/launch_tool/share/launch_tool/environment/ament_prefix_path.sh
-- Installing: /home/ros/github/stereo-gst/rtabmap launch gui/install/launch_tool/share/launch_tool/environment/ament_prefix_path.dsv
-- Installing: /home/ros/github/stereo-gst/rtabmap launch gui/install/launch_tool/share/launch_tool/environment/path.sh
-- Installing: /home/ros/github/stereo-gst/rtabmap launch gui/install/launch_tool/share/launch_tool/environment/path.dsv
-- Installing: /home/ros/github/stereo-gst/rtabmap launch gui/install/launch_tool/share/launch_tool/local_setup.bash
-- Installing: /home/ros/github/stereo-gst/rtabmap launch gui/install/launch_tool/share/launch_tool/local_setup.sh
-- Installing: /home/ros/github/stereo-gst/rtabmap launch gui/install/launch_tool/share/launch_tool/local_setup.zsh
-- Installing: /home/ros/github/stereo-gst/rtabmap launch gui/install/launch_tool/share/launch_tool/local_setup.dsv
-- Installing: /home/ros/github/stereo-gst/rtabmap launch gui/install/launch_tool/share/launch_tool/package.dsv
-- Installing: /home/ros/github/stereo-gst/rtabmap launch gui/install/launch_tool/share/ament_index/resource_index/packages/launch_tool
-- Installing: /home/ros/github/stereo-gst/rtabmap launch gui/install/launch_tool/share/launch_tool/cmake/launch_toolConfig.cmake
-- Installing: /home/ros/github/stereo-gst/rtabmap launch gui/install/launch_tool/share/launch_tool/cmake/launch_toolConfig-version.cmake
-- Installing: /home/ros/github/stereo-gst/rtabmap launch gui/install/launch_tool/share/launch_tool/package.xml
