[0.180s] DEBUG:colcon:Command line arguments: ['/usr/bin/colcon', 'build']
[0.181s] DEBUG:colcon:Parsed command line arguments: Namespace(allow_overriding=[], ament_cmake_args=None, base_paths=['.'], build_base='build', catkin_cmake_args=None, catkin_skip_building_tests=False, cmake_args=None, cmake_clean_cache=False, cmake_clean_first=False, cmake_force_configure=False, cmake_target=None, cmake_target_skip_unavailable=False, continue_on_error=False, event_handlers=None, executor='parallel', ignore_user_meta=False, install_base='install', log_base=None, log_level=None, main=<bound method BuildVerb.main of <colcon_core.verb.build.BuildVerb object at 0x7f2f77e50460>>, merge_install=False, metas=['./colcon.meta'], packages_above=None, packages_above_and_dependencies=None, packages_above_depth=None, packages_end=None, packages_ignore=None, packages_ignore_regex=None, packages_select=None, packages_select_build_failed=False, packages_select_by_dep=None, packages_select_regex=None, packages_select_test_failures=False, packages_skip=None, packages_skip_build_finished=False, packages_skip_by_dep=None, packages_skip_regex=None, packages_skip_test_passed=False, packages_skip_up_to=None, packages_start=None, packages_up_to=None, packages_up_to_regex=None, parallel_workers=2, paths=None, symlink_install=False, test_result_base=None, verb_extension=<colcon_core.verb.build.BuildVerb object at 0x7f2f77e50460>, verb_name='build', verb_parser=<colcon_defaults.argument_parser.defaults.DefaultArgumentsDecorator object at 0x7f2f77e509a0>)
[0.219s] Level 1:colcon.colcon_core.package_discovery:discover_packages(colcon_meta) check parameters
[0.219s] Level 1:colcon.colcon_core.package_discovery:discover_packages(recursive) check parameters
[0.219s] Level 1:colcon.colcon_core.package_discovery:discover_packages(ignore) check parameters
[0.219s] Level 1:colcon.colcon_core.package_discovery:discover_packages(path) check parameters
[0.219s] Level 1:colcon.colcon_core.package_discovery:discover_packages(colcon_meta) discover
[0.219s] Level 1:colcon.colcon_core.package_discovery:discover_packages(recursive) discover
[0.219s] INFO:colcon.colcon_core.package_discovery:Crawling recursively for packages in '/home/ros/github/stereo-gst/rtabmap launch gui'
[0.220s] Level 1:colcon.colcon_core.package_identification:_identify(.) by extensions ['ignore', 'ignore_ament_install']
[0.220s] Level 1:colcon.colcon_core.package_identification:_identify(.) by extension 'ignore'
[0.220s] Level 1:colcon.colcon_core.package_identification:_identify(.) by extension 'ignore_ament_install'
[0.220s] Level 1:colcon.colcon_core.package_identification:_identify(.) by extensions ['colcon_pkg']
[0.220s] Level 1:colcon.colcon_core.package_identification:_identify(.) by extension 'colcon_pkg'
[0.220s] Level 1:colcon.colcon_core.package_identification:_identify(.) by extensions ['colcon_meta']
[0.220s] Level 1:colcon.colcon_core.package_identification:_identify(.) by extension 'colcon_meta'
[0.220s] Level 1:colcon.colcon_core.package_identification:_identify(.) by extensions ['ros']
[0.220s] Level 1:colcon.colcon_core.package_identification:_identify(.) by extension 'ros'
[0.243s] Level 1:colcon.colcon_core.package_identification:_identify(.) by extensions ['cmake', 'python']
[0.243s] Level 1:colcon.colcon_core.package_identification:_identify(.) by extension 'cmake'
[0.243s] Level 1:colcon.colcon_core.package_identification:_identify(.) by extension 'python'
[0.243s] Level 1:colcon.colcon_core.package_identification:_identify(.) by extensions ['python_setup_py']
[0.243s] Level 1:colcon.colcon_core.package_identification:_identify(.) by extension 'python_setup_py'
[0.243s] Level 1:colcon.colcon_core.package_identification:_identify(build) by extensions ['ignore', 'ignore_ament_install']
[0.244s] Level 1:colcon.colcon_core.package_identification:_identify(build) by extension 'ignore'
[0.244s] Level 1:colcon.colcon_core.package_identification:_identify(build) ignored
[0.244s] Level 1:colcon.colcon_core.package_identification:_identify(install) by extensions ['ignore', 'ignore_ament_install']
[0.244s] Level 1:colcon.colcon_core.package_identification:_identify(install) by extension 'ignore'
[0.244s] Level 1:colcon.colcon_core.package_identification:_identify(install) ignored
[0.244s] Level 1:colcon.colcon_core.package_identification:_identify(launch_tool) by extensions ['ignore', 'ignore_ament_install']
[0.244s] Level 1:colcon.colcon_core.package_identification:_identify(launch_tool) by extension 'ignore'
[0.244s] Level 1:colcon.colcon_core.package_identification:_identify(launch_tool) by extension 'ignore_ament_install'
[0.244s] Level 1:colcon.colcon_core.package_identification:_identify(launch_tool) by extensions ['colcon_pkg']
[0.245s] Level 1:colcon.colcon_core.package_identification:_identify(launch_tool) by extension 'colcon_pkg'
[0.245s] Level 1:colcon.colcon_core.package_identification:_identify(launch_tool) by extensions ['colcon_meta']
[0.245s] Level 1:colcon.colcon_core.package_identification:_identify(launch_tool) by extension 'colcon_meta'
[0.245s] Level 1:colcon.colcon_core.package_identification:_identify(launch_tool) by extensions ['ros']
[0.245s] Level 1:colcon.colcon_core.package_identification:_identify(launch_tool) by extension 'ros'
[0.248s] DEBUG:colcon.colcon_core.package_identification:Package 'launch_tool' with type 'ros.ament_cmake' and name 'launch_tool'
[0.248s] Level 1:colcon.colcon_core.package_identification:_identify(log) by extensions ['ignore', 'ignore_ament_install']
[0.248s] Level 1:colcon.colcon_core.package_identification:_identify(log) by extension 'ignore'
[0.248s] Level 1:colcon.colcon_core.package_identification:_identify(log) ignored
[0.249s] Level 1:colcon.colcon_core.package_discovery:discover_packages(recursive) using defaults
[0.249s] Level 1:colcon.colcon_core.package_discovery:discover_packages(ignore) discover
[0.249s] Level 1:colcon.colcon_core.package_discovery:discover_packages(ignore) using defaults
[0.249s] Level 1:colcon.colcon_core.package_discovery:discover_packages(path) discover
[0.249s] Level 1:colcon.colcon_core.package_discovery:discover_packages(path) using defaults
[0.286s] Level 1:colcon.colcon_core.package_discovery:discover_packages(prefix_path) check parameters
[0.286s] Level 1:colcon.colcon_core.package_discovery:discover_packages(prefix_path) discover
[0.289s] DEBUG:colcon.colcon_installed_package_information.package_discovery:Found 294 installed packages in /opt/ros/foxy
[0.293s] Level 1:colcon.colcon_core.package_discovery:discover_packages(prefix_path) using defaults
[0.386s] Level 5:colcon.colcon_core.verb:set package 'launch_tool' build argument 'cmake_args' from command line to 'None'
[0.386s] Level 5:colcon.colcon_core.verb:set package 'launch_tool' build argument 'cmake_target' from command line to 'None'
[0.386s] Level 5:colcon.colcon_core.verb:set package 'launch_tool' build argument 'cmake_target_skip_unavailable' from command line to 'False'
[0.386s] Level 5:colcon.colcon_core.verb:set package 'launch_tool' build argument 'cmake_clean_cache' from command line to 'False'
[0.386s] Level 5:colcon.colcon_core.verb:set package 'launch_tool' build argument 'cmake_clean_first' from command line to 'False'
[0.386s] Level 5:colcon.colcon_core.verb:set package 'launch_tool' build argument 'cmake_force_configure' from command line to 'False'
[0.386s] Level 5:colcon.colcon_core.verb:set package 'launch_tool' build argument 'ament_cmake_args' from command line to 'None'
[0.386s] Level 5:colcon.colcon_core.verb:set package 'launch_tool' build argument 'catkin_cmake_args' from command line to 'None'
[0.386s] Level 5:colcon.colcon_core.verb:set package 'launch_tool' build argument 'catkin_skip_building_tests' from command line to 'False'
[0.386s] DEBUG:colcon.colcon_core.verb:Building package 'launch_tool' with the following arguments: {'ament_cmake_args': None, 'build_base': '/home/ros/github/stereo-gst/rtabmap launch gui/build/launch_tool', 'catkin_cmake_args': None, 'catkin_skip_building_tests': False, 'cmake_args': None, 'cmake_clean_cache': False, 'cmake_clean_first': False, 'cmake_force_configure': False, 'cmake_target': None, 'cmake_target_skip_unavailable': False, 'install_base': '/home/ros/github/stereo-gst/rtabmap launch gui/install/launch_tool', 'merge_install': False, 'path': '/home/ros/github/stereo-gst/rtabmap launch gui/launch_tool', 'symlink_install': False, 'test_result_base': None}
[0.387s] INFO:colcon.colcon_core.executor:Executing jobs using 'parallel' executor
[0.391s] DEBUG:colcon.colcon_parallel_executor.executor.parallel:run_until_complete
[0.392s] INFO:colcon.colcon_ros.task.ament_cmake.build:Building ROS package in '/home/ros/github/stereo-gst/rtabmap launch gui/launch_tool' with build type 'ament_cmake'
[0.392s] INFO:colcon.colcon_cmake.task.cmake.build:Building CMake package in '/home/ros/github/stereo-gst/rtabmap launch gui/launch_tool'
[0.397s] INFO:colcon.colcon_core.plugin_system:Skipping extension 'colcon_core.shell.bat': Not used on non-Windows systems
[0.398s] INFO:colcon.colcon_core.shell:Skip shell extension 'powershell' for command environment: Not usable outside of PowerShell
[0.398s] DEBUG:colcon.colcon_core.shell:Skip shell extension 'dsv' for command environment
[0.411s] DEBUG:colcon.colcon_core.event_handler.log_command:Invoking command in '/home/ros/github/stereo-gst/rtabmap launch gui/build/launch_tool': CMAKE_PREFIX_PATH=/opt/ros/foxy /usr/bin/cmake /home/ros/github/stereo-gst/rtabmap launch gui/launch_tool -DCMAKE_INSTALL_PREFIX=/home/ros/github/stereo-gst/rtabmap launch gui/install/launch_tool
[1.798s] DEBUG:colcon.colcon_core.event_handler.log_command:Invoked command in '/home/ros/github/stereo-gst/rtabmap launch gui/build/launch_tool' returned '1': CMAKE_PREFIX_PATH=/opt/ros/foxy /usr/bin/cmake /home/ros/github/stereo-gst/rtabmap launch gui/launch_tool -DCMAKE_INSTALL_PREFIX=/home/ros/github/stereo-gst/rtabmap launch gui/install/launch_tool
[1.812s] Level 1:colcon.colcon_core.environment:create_environment_scripts_only(launch_tool)
[1.817s] Level 1:colcon.colcon_core.environment:checking '/home/ros/github/stereo-gst/rtabmap launch gui/install/launch_tool' for CMake module files
[1.817s] Level 1:colcon.colcon_core.environment:checking '/home/ros/github/stereo-gst/rtabmap launch gui/install/launch_tool' for CMake config files
[1.818s] Level 1:colcon.colcon_core.environment:checking '/home/ros/github/stereo-gst/rtabmap launch gui/install/launch_tool/bin'
[1.818s] Level 1:colcon.colcon_core.environment:checking '/home/ros/github/stereo-gst/rtabmap launch gui/install/launch_tool/lib/pkgconfig/launch_tool.pc'
[1.818s] Level 1:colcon.colcon_core.environment:checking '/home/ros/github/stereo-gst/rtabmap launch gui/install/launch_tool/lib/python3.8/site-packages'
[1.818s] Level 1:colcon.colcon_core.environment:checking '/home/ros/github/stereo-gst/rtabmap launch gui/install/launch_tool/bin'
[1.820s] INFO:colcon.colcon_core.shell:Creating package script '/home/ros/github/stereo-gst/rtabmap launch gui/install/launch_tool/share/launch_tool/package.ps1'
[1.821s] INFO:colcon.colcon_core.shell:Creating package descriptor '/home/ros/github/stereo-gst/rtabmap launch gui/install/launch_tool/share/launch_tool/package.dsv'
[1.821s] INFO:colcon.colcon_core.shell:Creating package script '/home/ros/github/stereo-gst/rtabmap launch gui/install/launch_tool/share/launch_tool/package.sh'
[1.822s] INFO:colcon.colcon_core.shell:Creating package script '/home/ros/github/stereo-gst/rtabmap launch gui/install/launch_tool/share/launch_tool/package.bash'
[1.822s] INFO:colcon.colcon_core.shell:Creating package script '/home/ros/github/stereo-gst/rtabmap launch gui/install/launch_tool/share/launch_tool/package.zsh'
[1.823s] Level 1:colcon.colcon_core.environment:create_file_with_runtime_dependencies(/home/ros/github/stereo-gst/rtabmap launch gui/install/launch_tool/share/colcon-core/packages/launch_tool)
[1.835s] DEBUG:colcon.colcon_parallel_executor.executor.parallel:closing loop
[1.835s] DEBUG:colcon.colcon_parallel_executor.executor.parallel:loop closed
[1.836s] DEBUG:colcon.colcon_parallel_executor.executor.parallel:run_until_complete finished with '1'
[1.836s] DEBUG:colcon.colcon_core.event_reactor:joining thread
[1.846s] INFO:colcon.colcon_core.plugin_system:Skipping extension 'colcon_notification.desktop_notification.terminal_notifier': Not used on non-Darwin systems
[1.847s] INFO:colcon.colcon_core.plugin_system:Skipping extension 'colcon_notification.desktop_notification.win32': Not used on non-Windows systems
[1.847s] INFO:colcon.colcon_notification.desktop_notification:Sending desktop notification using 'notify2'
[1.868s] DEBUG:colcon.colcon_core.event_reactor:joined thread
[1.870s] INFO:colcon.colcon_core.shell:Creating prefix script '/home/ros/github/stereo-gst/rtabmap launch gui/install/local_setup.ps1'
[1.871s] INFO:colcon.colcon_core.shell:Creating prefix util module '/home/ros/github/stereo-gst/rtabmap launch gui/install/_local_setup_util_ps1.py'
[1.872s] INFO:colcon.colcon_core.shell:Creating prefix chain script '/home/ros/github/stereo-gst/rtabmap launch gui/install/setup.ps1'
[1.873s] INFO:colcon.colcon_core.shell:Creating prefix script '/home/ros/github/stereo-gst/rtabmap launch gui/install/local_setup.sh'
[1.874s] INFO:colcon.colcon_core.shell:Creating prefix util module '/home/ros/github/stereo-gst/rtabmap launch gui/install/_local_setup_util_sh.py'
[1.875s] INFO:colcon.colcon_core.shell:Creating prefix chain script '/home/ros/github/stereo-gst/rtabmap launch gui/install/setup.sh'
[1.877s] INFO:colcon.colcon_core.shell:Creating prefix script '/home/ros/github/stereo-gst/rtabmap launch gui/install/local_setup.bash'
[1.878s] INFO:colcon.colcon_core.shell:Creating prefix chain script '/home/ros/github/stereo-gst/rtabmap launch gui/install/setup.bash'
[1.881s] INFO:colcon.colcon_core.shell:Creating prefix script '/home/ros/github/stereo-gst/rtabmap launch gui/install/local_setup.zsh'
[1.882s] INFO:colcon.colcon_core.shell:Creating prefix chain script '/home/ros/github/stereo-gst/rtabmap launch gui/install/setup.zsh'
