[0.153s] DEBUG:colcon:Command line arguments: ['/usr/bin/colcon', 'build']
[0.153s] DEBUG:colcon:Parsed command line arguments: Namespace(allow_overriding=[], ament_cmake_args=None, base_paths=['.'], build_base='build', catkin_cmake_args=None, catkin_skip_building_tests=False, cmake_args=None, cmake_clean_cache=False, cmake_clean_first=False, cmake_force_configure=False, cmake_target=None, cmake_target_skip_unavailable=False, continue_on_error=False, event_handlers=None, executor='parallel', ignore_user_meta=False, install_base='install', log_base=None, log_level=None, main=<bound method BuildVerb.main of <colcon_core.verb.build.BuildVerb object at 0x7f20447a6250>>, merge_install=False, metas=['./colcon.meta'], packages_above=None, packages_above_and_dependencies=None, packages_above_depth=None, packages_end=None, packages_ignore=None, packages_ignore_regex=None, packages_select=None, packages_select_build_failed=False, packages_select_by_dep=None, packages_select_regex=None, packages_select_test_failures=False, packages_skip=None, packages_skip_build_finished=False, packages_skip_by_dep=None, packages_skip_regex=None, packages_skip_test_passed=False, packages_skip_up_to=None, packages_start=None, packages_up_to=None, packages_up_to_regex=None, parallel_workers=2, paths=None, symlink_install=False, test_result_base=None, verb_extension=<colcon_core.verb.build.BuildVerb object at 0x7f20447a6250>, verb_name='build', verb_parser=<colcon_defaults.argument_parser.defaults.DefaultArgumentsDecorator object at 0x7f20447a6790>)
[0.178s] Level 1:colcon.colcon_core.package_discovery:discover_packages(colcon_meta) check parameters
[0.178s] Level 1:colcon.colcon_core.package_discovery:discover_packages(recursive) check parameters
[0.178s] Level 1:colcon.colcon_core.package_discovery:discover_packages(ignore) check parameters
[0.178s] Level 1:colcon.colcon_core.package_discovery:discover_packages(path) check parameters
[0.178s] Level 1:colcon.colcon_core.package_discovery:discover_packages(colcon_meta) discover
[0.178s] Level 1:colcon.colcon_core.package_discovery:discover_packages(recursive) discover
[0.178s] INFO:colcon.colcon_core.package_discovery:Crawling recursively for packages in '/home/ros/github/stereo-gst/3_gui_launch_tool/__prototypes__/2.0_gui_pub_sub'
[0.178s] Level 1:colcon.colcon_core.package_identification:_identify(.) by extensions ['ignore', 'ignore_ament_install']
[0.179s] Level 1:colcon.colcon_core.package_identification:_identify(.) by extension 'ignore'
[0.179s] Level 1:colcon.colcon_core.package_identification:_identify(.) by extension 'ignore_ament_install'
[0.179s] Level 1:colcon.colcon_core.package_identification:_identify(.) by extensions ['colcon_pkg']
[0.179s] Level 1:colcon.colcon_core.package_identification:_identify(.) by extension 'colcon_pkg'
[0.179s] Level 1:colcon.colcon_core.package_identification:_identify(.) by extensions ['colcon_meta']
[0.179s] Level 1:colcon.colcon_core.package_identification:_identify(.) by extension 'colcon_meta'
[0.179s] Level 1:colcon.colcon_core.package_identification:_identify(.) by extensions ['ros']
[0.179s] Level 1:colcon.colcon_core.package_identification:_identify(.) by extension 'ros'
[0.189s] Level 1:colcon.colcon_core.package_identification:_identify(.) by extensions ['cmake', 'python']
[0.190s] Level 1:colcon.colcon_core.package_identification:_identify(.) by extension 'cmake'
[0.190s] Level 1:colcon.colcon_core.package_identification:_identify(.) by extension 'python'
[0.190s] Level 1:colcon.colcon_core.package_identification:_identify(.) by extensions ['python_setup_py']
[0.190s] Level 1:colcon.colcon_core.package_identification:_identify(.) by extension 'python_setup_py'
[0.190s] Level 1:colcon.colcon_core.package_identification:_identify(build) by extensions ['ignore', 'ignore_ament_install']
[0.190s] Level 1:colcon.colcon_core.package_identification:_identify(build) by extension 'ignore'
[0.190s] Level 1:colcon.colcon_core.package_identification:_identify(build) ignored
[0.190s] Level 1:colcon.colcon_core.package_identification:_identify(install) by extensions ['ignore', 'ignore_ament_install']
[0.190s] Level 1:colcon.colcon_core.package_identification:_identify(install) by extension 'ignore'
[0.190s] Level 1:colcon.colcon_core.package_identification:_identify(install) ignored
[0.190s] Level 1:colcon.colcon_core.package_identification:_identify(log) by extensions ['ignore', 'ignore_ament_install']
[0.190s] Level 1:colcon.colcon_core.package_identification:_identify(log) by extension 'ignore'
[0.190s] Level 1:colcon.colcon_core.package_identification:_identify(log) ignored
[0.191s] Level 1:colcon.colcon_core.package_identification:_identify(pub) by extensions ['ignore', 'ignore_ament_install']
[0.191s] Level 1:colcon.colcon_core.package_identification:_identify(pub) by extension 'ignore'
[0.191s] Level 1:colcon.colcon_core.package_identification:_identify(pub) by extension 'ignore_ament_install'
[0.191s] Level 1:colcon.colcon_core.package_identification:_identify(pub) by extensions ['colcon_pkg']
[0.191s] Level 1:colcon.colcon_core.package_identification:_identify(pub) by extension 'colcon_pkg'
[0.191s] Level 1:colcon.colcon_core.package_identification:_identify(pub) by extensions ['colcon_meta']
[0.191s] Level 1:colcon.colcon_core.package_identification:_identify(pub) by extension 'colcon_meta'
[0.191s] Level 1:colcon.colcon_core.package_identification:_identify(pub) by extensions ['ros']
[0.191s] Level 1:colcon.colcon_core.package_identification:_identify(pub) by extension 'ros'
[0.193s] DEBUG:colcon.colcon_core.package_identification:Package 'pub' with type 'ros.ament_cmake' and name 'pub'
[0.193s] Level 1:colcon.colcon_core.package_identification:_identify(sub) by extensions ['ignore', 'ignore_ament_install']
[0.193s] Level 1:colcon.colcon_core.package_identification:_identify(sub) by extension 'ignore'
[0.194s] Level 1:colcon.colcon_core.package_identification:_identify(sub) by extension 'ignore_ament_install'
[0.194s] Level 1:colcon.colcon_core.package_identification:_identify(sub) by extensions ['colcon_pkg']
[0.194s] Level 1:colcon.colcon_core.package_identification:_identify(sub) by extension 'colcon_pkg'
[0.194s] Level 1:colcon.colcon_core.package_identification:_identify(sub) by extensions ['colcon_meta']
[0.194s] Level 1:colcon.colcon_core.package_identification:_identify(sub) by extension 'colcon_meta'
[0.194s] Level 1:colcon.colcon_core.package_identification:_identify(sub) by extensions ['ros']
[0.194s] Level 1:colcon.colcon_core.package_identification:_identify(sub) by extension 'ros'
[0.194s] DEBUG:colcon.colcon_core.package_identification:Package 'sub' with type 'ros.ament_cmake' and name 'sub'
[0.194s] Level 1:colcon.colcon_core.package_discovery:discover_packages(recursive) using defaults
[0.194s] Level 1:colcon.colcon_core.package_discovery:discover_packages(ignore) discover
[0.194s] Level 1:colcon.colcon_core.package_discovery:discover_packages(ignore) using defaults
[0.194s] Level 1:colcon.colcon_core.package_discovery:discover_packages(path) discover
[0.194s] Level 1:colcon.colcon_core.package_discovery:discover_packages(path) using defaults
[0.225s] Level 1:colcon.colcon_core.package_discovery:discover_packages(prefix_path) check parameters
[0.225s] Level 1:colcon.colcon_core.package_discovery:discover_packages(prefix_path) discover
[0.226s] WARNING:colcon.colcon_core.prefix_path.colcon:The path '/home/ros/github/stereo-gst/3_gui_launch_tool/2.0/install' in the environment variable COLCON_PREFIX_PATH doesn't exist
[0.226s] WARNING:colcon.colcon_core.prefix_path.colcon:The path '/home/ros/github/stereo-gst/rtabmap launch gui/2.0/install' in the environment variable COLCON_PREFIX_PATH doesn't exist
[0.226s] WARNING:colcon.colcon_core.prefix_path.colcon:The path '/home/ros/github/stereo-gst/rtabmap launch gui/install' in the environment variable COLCON_PREFIX_PATH doesn't exist
[0.226s] WARNING:colcon.colcon_ros.prefix_path.ament:The path '/home/ros/github/stereo-gst/3_gui_launch_tool/2.0/install/launch_tool' in the environment variable AMENT_PREFIX_PATH doesn't exist
[0.227s] WARNING:colcon.colcon_ros.prefix_path.ament:The path '/home/ros/github/stereo-gst/rtabmap launch gui/2.0/install/launch_tool' in the environment variable AMENT_PREFIX_PATH doesn't exist
[0.227s] WARNING:colcon.colcon_ros.prefix_path.ament:The path '/home/ros/github/stereo-gst/rtabmap launch gui/install/launch_tool' in the environment variable AMENT_PREFIX_PATH doesn't exist
[0.227s] WARNING:colcon.colcon_ros.prefix_path.catkin:The path '/home/ros/github/stereo-gst/3_gui_launch_tool/2.0/install/launch_tool' in the environment variable CMAKE_PREFIX_PATH doesn't exist
[0.227s] WARNING:colcon.colcon_ros.prefix_path.catkin:The path '/home/ros/github/stereo-gst/rtabmap launch gui/2.0/install/launch_tool' in the environment variable CMAKE_PREFIX_PATH doesn't exist
[0.227s] WARNING:colcon.colcon_ros.prefix_path.catkin:The path '/home/ros/github/stereo-gst/rtabmap launch gui/install/launch_tool' in the environment variable CMAKE_PREFIX_PATH doesn't exist
[0.228s] DEBUG:colcon.colcon_installed_package_information.package_discovery:Found 1 installed packages in /home/ros/github/stereo-gst/3_gui_launch_tool/__prototypes__/2.0_gui_pub_sub/install
[0.230s] DEBUG:colcon.colcon_installed_package_information.package_discovery:Found 294 installed packages in /opt/ros/foxy
[0.232s] Level 1:colcon.colcon_core.package_discovery:discover_packages(prefix_path) using defaults
[0.305s] Level 5:colcon.colcon_core.verb:set package 'pub' build argument 'cmake_args' from command line to 'None'
[0.305s] Level 5:colcon.colcon_core.verb:set package 'pub' build argument 'cmake_target' from command line to 'None'
[0.305s] Level 5:colcon.colcon_core.verb:set package 'pub' build argument 'cmake_target_skip_unavailable' from command line to 'False'
[0.305s] Level 5:colcon.colcon_core.verb:set package 'pub' build argument 'cmake_clean_cache' from command line to 'False'
[0.306s] Level 5:colcon.colcon_core.verb:set package 'pub' build argument 'cmake_clean_first' from command line to 'False'
[0.306s] Level 5:colcon.colcon_core.verb:set package 'pub' build argument 'cmake_force_configure' from command line to 'False'
[0.306s] Level 5:colcon.colcon_core.verb:set package 'pub' build argument 'ament_cmake_args' from command line to 'None'
[0.306s] Level 5:colcon.colcon_core.verb:set package 'pub' build argument 'catkin_cmake_args' from command line to 'None'
[0.306s] Level 5:colcon.colcon_core.verb:set package 'pub' build argument 'catkin_skip_building_tests' from command line to 'False'
[0.306s] DEBUG:colcon.colcon_core.verb:Building package 'pub' with the following arguments: {'ament_cmake_args': None, 'build_base': '/home/ros/github/stereo-gst/3_gui_launch_tool/__prototypes__/2.0_gui_pub_sub/build/pub', 'catkin_cmake_args': None, 'catkin_skip_building_tests': False, 'cmake_args': None, 'cmake_clean_cache': False, 'cmake_clean_first': False, 'cmake_force_configure': False, 'cmake_target': None, 'cmake_target_skip_unavailable': False, 'install_base': '/home/ros/github/stereo-gst/3_gui_launch_tool/__prototypes__/2.0_gui_pub_sub/install/pub', 'merge_install': False, 'path': '/home/ros/github/stereo-gst/3_gui_launch_tool/__prototypes__/2.0_gui_pub_sub/pub', 'symlink_install': False, 'test_result_base': None}
[0.307s] Level 5:colcon.colcon_core.verb:set package 'sub' build argument 'cmake_args' from command line to 'None'
[0.307s] Level 5:colcon.colcon_core.verb:set package 'sub' build argument 'cmake_target' from command line to 'None'
[0.307s] Level 5:colcon.colcon_core.verb:set package 'sub' build argument 'cmake_target_skip_unavailable' from command line to 'False'
[0.307s] Level 5:colcon.colcon_core.verb:set package 'sub' build argument 'cmake_clean_cache' from command line to 'False'
[0.307s] Level 5:colcon.colcon_core.verb:set package 'sub' build argument 'cmake_clean_first' from command line to 'False'
[0.307s] Level 5:colcon.colcon_core.verb:set package 'sub' build argument 'cmake_force_configure' from command line to 'False'
[0.307s] Level 5:colcon.colcon_core.verb:set package 'sub' build argument 'ament_cmake_args' from command line to 'None'
[0.307s] Level 5:colcon.colcon_core.verb:set package 'sub' build argument 'catkin_cmake_args' from command line to 'None'
[0.307s] Level 5:colcon.colcon_core.verb:set package 'sub' build argument 'catkin_skip_building_tests' from command line to 'False'
[0.307s] DEBUG:colcon.colcon_core.verb:Building package 'sub' with the following arguments: {'ament_cmake_args': None, 'build_base': '/home/ros/github/stereo-gst/3_gui_launch_tool/__prototypes__/2.0_gui_pub_sub/build/sub', 'catkin_cmake_args': None, 'catkin_skip_building_tests': False, 'cmake_args': None, 'cmake_clean_cache': False, 'cmake_clean_first': False, 'cmake_force_configure': False, 'cmake_target': None, 'cmake_target_skip_unavailable': False, 'install_base': '/home/ros/github/stereo-gst/3_gui_launch_tool/__prototypes__/2.0_gui_pub_sub/install/sub', 'merge_install': False, 'path': '/home/ros/github/stereo-gst/3_gui_launch_tool/__prototypes__/2.0_gui_pub_sub/sub', 'symlink_install': False, 'test_result_base': None}
[0.308s] INFO:colcon.colcon_core.executor:Executing jobs using 'parallel' executor
[0.312s] DEBUG:colcon.colcon_parallel_executor.executor.parallel:run_until_complete
[0.312s] INFO:colcon.colcon_ros.task.ament_cmake.build:Building ROS package in '/home/ros/github/stereo-gst/3_gui_launch_tool/__prototypes__/2.0_gui_pub_sub/pub' with build type 'ament_cmake'
[0.312s] INFO:colcon.colcon_cmake.task.cmake.build:Building CMake package in '/home/ros/github/stereo-gst/3_gui_launch_tool/__prototypes__/2.0_gui_pub_sub/pub'
[0.317s] INFO:colcon.colcon_core.plugin_system:Skipping extension 'colcon_core.shell.bat': Not used on non-Windows systems
[0.317s] INFO:colcon.colcon_core.shell:Skip shell extension 'powershell' for command environment: Not usable outside of PowerShell
[0.317s] DEBUG:colcon.colcon_core.shell:Skip shell extension 'dsv' for command environment
[0.323s] INFO:colcon.colcon_ros.task.ament_cmake.build:Building ROS package in '/home/ros/github/stereo-gst/3_gui_launch_tool/__prototypes__/2.0_gui_pub_sub/sub' with build type 'ament_cmake'
[0.323s] INFO:colcon.colcon_cmake.task.cmake.build:Building CMake package in '/home/ros/github/stereo-gst/3_gui_launch_tool/__prototypes__/2.0_gui_pub_sub/sub'
[0.326s] INFO:colcon.colcon_core.shell:Skip shell extension 'powershell' for command environment: Not usable outside of PowerShell
[0.326s] DEBUG:colcon.colcon_core.shell:Skip shell extension 'dsv' for command environment
[0.339s] DEBUG:colcon.colcon_core.event_handler.log_command:Invoking command in '/home/ros/github/stereo-gst/3_gui_launch_tool/__prototypes__/2.0_gui_pub_sub/build/pub': CMAKE_PREFIX_PATH=${CMAKE_PREFIX_PATH}:/opt/ros/foxy /usr/bin/cmake /home/ros/github/stereo-gst/3_gui_launch_tool/__prototypes__/2.0_gui_pub_sub/pub -DCMAKE_INSTALL_PREFIX=/home/ros/github/stereo-gst/3_gui_launch_tool/__prototypes__/2.0_gui_pub_sub/install/pub
[0.364s] DEBUG:colcon.colcon_core.event_handler.log_command:Invoking command in '/home/ros/github/stereo-gst/3_gui_launch_tool/__prototypes__/2.0_gui_pub_sub/build/sub': CMAKE_PREFIX_PATH=${CMAKE_PREFIX_PATH}:/opt/ros/foxy /usr/bin/cmake /home/ros/github/stereo-gst/3_gui_launch_tool/__prototypes__/2.0_gui_pub_sub/sub -DCMAKE_INSTALL_PREFIX=/home/ros/github/stereo-gst/3_gui_launch_tool/__prototypes__/2.0_gui_pub_sub/install/sub
[1.921s] DEBUG:colcon.colcon_core.event_handler.log_command:Invoked command in '/home/ros/github/stereo-gst/3_gui_launch_tool/__prototypes__/2.0_gui_pub_sub/build/sub' returned '0': CMAKE_PREFIX_PATH=${CMAKE_PREFIX_PATH}:/opt/ros/foxy /usr/bin/cmake /home/ros/github/stereo-gst/3_gui_launch_tool/__prototypes__/2.0_gui_pub_sub/sub -DCMAKE_INSTALL_PREFIX=/home/ros/github/stereo-gst/3_gui_launch_tool/__prototypes__/2.0_gui_pub_sub/install/sub
[1.925s] DEBUG:colcon.colcon_core.event_handler.log_command:Invoking command in '/home/ros/github/stereo-gst/3_gui_launch_tool/__prototypes__/2.0_gui_pub_sub/build/sub': CMAKE_PREFIX_PATH=${CMAKE_PREFIX_PATH}:/opt/ros/foxy /usr/bin/cmake --build /home/ros/github/stereo-gst/3_gui_launch_tool/__prototypes__/2.0_gui_pub_sub/build/sub -- -j2 -l2
[2.007s] DEBUG:colcon.colcon_core.event_handler.log_command:Invoked command in '/home/ros/github/stereo-gst/3_gui_launch_tool/__prototypes__/2.0_gui_pub_sub/build/pub' returned '0': CMAKE_PREFIX_PATH=${CMAKE_PREFIX_PATH}:/opt/ros/foxy /usr/bin/cmake /home/ros/github/stereo-gst/3_gui_launch_tool/__prototypes__/2.0_gui_pub_sub/pub -DCMAKE_INSTALL_PREFIX=/home/ros/github/stereo-gst/3_gui_launch_tool/__prototypes__/2.0_gui_pub_sub/install/pub
[2.008s] DEBUG:colcon.colcon_core.event_handler.log_command:Invoking command in '/home/ros/github/stereo-gst/3_gui_launch_tool/__prototypes__/2.0_gui_pub_sub/build/pub': CMAKE_PREFIX_PATH=${CMAKE_PREFIX_PATH}:/opt/ros/foxy /usr/bin/cmake --build /home/ros/github/stereo-gst/3_gui_launch_tool/__prototypes__/2.0_gui_pub_sub/build/pub -- -j2 -l2
[7.832s] DEBUG:colcon.colcon_core.event_handler.log_command:Invoked command in '/home/ros/github/stereo-gst/3_gui_launch_tool/__prototypes__/2.0_gui_pub_sub/build/sub' returned '0': CMAKE_PREFIX_PATH=${CMAKE_PREFIX_PATH}:/opt/ros/foxy /usr/bin/cmake --build /home/ros/github/stereo-gst/3_gui_launch_tool/__prototypes__/2.0_gui_pub_sub/build/sub -- -j2 -l2
[7.870s] DEBUG:colcon.colcon_core.event_handler.log_command:Invoking command in '/home/ros/github/stereo-gst/3_gui_launch_tool/__prototypes__/2.0_gui_pub_sub/build/sub': CMAKE_PREFIX_PATH=${CMAKE_PREFIX_PATH}:/opt/ros/foxy /usr/bin/cmake --install /home/ros/github/stereo-gst/3_gui_launch_tool/__prototypes__/2.0_gui_pub_sub/build/sub
[7.891s] Level 1:colcon.colcon_core.environment:create_environment_scripts_only(sub)
[7.896s] Level 1:colcon.colcon_core.environment:checking '/home/ros/github/stereo-gst/3_gui_launch_tool/__prototypes__/2.0_gui_pub_sub/install/sub' for CMake module files
[7.897s] Level 1:colcon.colcon_core.environment:checking '/home/ros/github/stereo-gst/3_gui_launch_tool/__prototypes__/2.0_gui_pub_sub/install/sub' for CMake config files
[7.897s] Level 1:colcon.colcon_core.shell:create_environment_hook('sub', 'cmake_prefix_path')
[7.899s] INFO:colcon.colcon_core.shell:Creating environment hook '/home/ros/github/stereo-gst/3_gui_launch_tool/__prototypes__/2.0_gui_pub_sub/install/sub/share/sub/hook/cmake_prefix_path.ps1'
[7.900s] DEBUG:colcon.colcon_core.event_handler.log_command:Invoked command in '/home/ros/github/stereo-gst/3_gui_launch_tool/__prototypes__/2.0_gui_pub_sub/build/sub' returned '0': CMAKE_PREFIX_PATH=${CMAKE_PREFIX_PATH}:/opt/ros/foxy /usr/bin/cmake --install /home/ros/github/stereo-gst/3_gui_launch_tool/__prototypes__/2.0_gui_pub_sub/build/sub
[7.901s] INFO:colcon.colcon_core.shell:Creating environment descriptor '/home/ros/github/stereo-gst/3_gui_launch_tool/__prototypes__/2.0_gui_pub_sub/install/sub/share/sub/hook/cmake_prefix_path.dsv'
[7.901s] INFO:colcon.colcon_core.shell:Creating environment hook '/home/ros/github/stereo-gst/3_gui_launch_tool/__prototypes__/2.0_gui_pub_sub/install/sub/share/sub/hook/cmake_prefix_path.sh'
[7.902s] Level 1:colcon.colcon_core.environment:checking '/home/ros/github/stereo-gst/3_gui_launch_tool/__prototypes__/2.0_gui_pub_sub/install/sub/lib'
[7.902s] Level 1:colcon.colcon_core.environment:checking '/home/ros/github/stereo-gst/3_gui_launch_tool/__prototypes__/2.0_gui_pub_sub/install/sub/bin'
[7.902s] Level 1:colcon.colcon_core.environment:checking '/home/ros/github/stereo-gst/3_gui_launch_tool/__prototypes__/2.0_gui_pub_sub/install/sub/lib/pkgconfig/sub.pc'
[7.903s] Level 1:colcon.colcon_core.environment:checking '/home/ros/github/stereo-gst/3_gui_launch_tool/__prototypes__/2.0_gui_pub_sub/install/sub/lib/python3.8/site-packages'
[7.903s] Level 1:colcon.colcon_core.environment:checking '/home/ros/github/stereo-gst/3_gui_launch_tool/__prototypes__/2.0_gui_pub_sub/install/sub/bin'
[7.904s] INFO:colcon.colcon_core.shell:Creating package script '/home/ros/github/stereo-gst/3_gui_launch_tool/__prototypes__/2.0_gui_pub_sub/install/sub/share/sub/package.ps1'
[7.905s] INFO:colcon.colcon_core.shell:Creating package descriptor '/home/ros/github/stereo-gst/3_gui_launch_tool/__prototypes__/2.0_gui_pub_sub/install/sub/share/sub/package.dsv'
[7.906s] INFO:colcon.colcon_core.shell:Creating package script '/home/ros/github/stereo-gst/3_gui_launch_tool/__prototypes__/2.0_gui_pub_sub/install/sub/share/sub/package.sh'
[7.907s] INFO:colcon.colcon_core.shell:Creating package script '/home/ros/github/stereo-gst/3_gui_launch_tool/__prototypes__/2.0_gui_pub_sub/install/sub/share/sub/package.bash'
[7.907s] INFO:colcon.colcon_core.shell:Creating package script '/home/ros/github/stereo-gst/3_gui_launch_tool/__prototypes__/2.0_gui_pub_sub/install/sub/share/sub/package.zsh'
[7.908s] Level 1:colcon.colcon_core.environment:create_file_with_runtime_dependencies(/home/ros/github/stereo-gst/3_gui_launch_tool/__prototypes__/2.0_gui_pub_sub/install/sub/share/colcon-core/packages/sub)
[7.940s] Level 1:colcon.colcon_core.environment:create_environment_scripts_only(sub)
[7.942s] Level 1:colcon.colcon_core.environment:checking '/home/ros/github/stereo-gst/3_gui_launch_tool/__prototypes__/2.0_gui_pub_sub/install/sub' for CMake module files
[7.942s] Level 1:colcon.colcon_core.environment:checking '/home/ros/github/stereo-gst/3_gui_launch_tool/__prototypes__/2.0_gui_pub_sub/install/sub' for CMake config files
[7.943s] Level 1:colcon.colcon_core.shell:create_environment_hook('sub', 'cmake_prefix_path')
[7.944s] INFO:colcon.colcon_core.shell:Creating environment hook '/home/ros/github/stereo-gst/3_gui_launch_tool/__prototypes__/2.0_gui_pub_sub/install/sub/share/sub/hook/cmake_prefix_path.ps1'
[7.945s] INFO:colcon.colcon_core.shell:Creating environment descriptor '/home/ros/github/stereo-gst/3_gui_launch_tool/__prototypes__/2.0_gui_pub_sub/install/sub/share/sub/hook/cmake_prefix_path.dsv'
[7.945s] INFO:colcon.colcon_core.shell:Creating environment hook '/home/ros/github/stereo-gst/3_gui_launch_tool/__prototypes__/2.0_gui_pub_sub/install/sub/share/sub/hook/cmake_prefix_path.sh'
[7.946s] Level 1:colcon.colcon_core.environment:checking '/home/ros/github/stereo-gst/3_gui_launch_tool/__prototypes__/2.0_gui_pub_sub/install/sub/lib'
[7.946s] Level 1:colcon.colcon_core.environment:checking '/home/ros/github/stereo-gst/3_gui_launch_tool/__prototypes__/2.0_gui_pub_sub/install/sub/bin'
[7.946s] Level 1:colcon.colcon_core.environment:checking '/home/ros/github/stereo-gst/3_gui_launch_tool/__prototypes__/2.0_gui_pub_sub/install/sub/lib/pkgconfig/sub.pc'
[7.946s] Level 1:colcon.colcon_core.environment:checking '/home/ros/github/stereo-gst/3_gui_launch_tool/__prototypes__/2.0_gui_pub_sub/install/sub/lib/python3.8/site-packages'
[7.947s] Level 1:colcon.colcon_core.environment:checking '/home/ros/github/stereo-gst/3_gui_launch_tool/__prototypes__/2.0_gui_pub_sub/install/sub/bin'
[7.948s] INFO:colcon.colcon_core.shell:Creating package script '/home/ros/github/stereo-gst/3_gui_launch_tool/__prototypes__/2.0_gui_pub_sub/install/sub/share/sub/package.ps1'
[7.949s] INFO:colcon.colcon_core.shell:Creating package descriptor '/home/ros/github/stereo-gst/3_gui_launch_tool/__prototypes__/2.0_gui_pub_sub/install/sub/share/sub/package.dsv'
[7.950s] INFO:colcon.colcon_core.shell:Creating package script '/home/ros/github/stereo-gst/3_gui_launch_tool/__prototypes__/2.0_gui_pub_sub/install/sub/share/sub/package.sh'
[7.950s] INFO:colcon.colcon_core.shell:Creating package script '/home/ros/github/stereo-gst/3_gui_launch_tool/__prototypes__/2.0_gui_pub_sub/install/sub/share/sub/package.bash'
[7.951s] INFO:colcon.colcon_core.shell:Creating package script '/home/ros/github/stereo-gst/3_gui_launch_tool/__prototypes__/2.0_gui_pub_sub/install/sub/share/sub/package.zsh'
[7.952s] Level 1:colcon.colcon_core.environment:create_file_with_runtime_dependencies(/home/ros/github/stereo-gst/3_gui_launch_tool/__prototypes__/2.0_gui_pub_sub/install/sub/share/colcon-core/packages/sub)
[8.638s] DEBUG:colcon.colcon_core.event_handler.log_command:Invoked command in '/home/ros/github/stereo-gst/3_gui_launch_tool/__prototypes__/2.0_gui_pub_sub/build/pub' returned '0': CMAKE_PREFIX_PATH=${CMAKE_PREFIX_PATH}:/opt/ros/foxy /usr/bin/cmake --build /home/ros/github/stereo-gst/3_gui_launch_tool/__prototypes__/2.0_gui_pub_sub/build/pub -- -j2 -l2
[8.666s] DEBUG:colcon.colcon_core.event_handler.log_command:Invoking command in '/home/ros/github/stereo-gst/3_gui_launch_tool/__prototypes__/2.0_gui_pub_sub/build/pub': CMAKE_PREFIX_PATH=${CMAKE_PREFIX_PATH}:/opt/ros/foxy /usr/bin/cmake --install /home/ros/github/stereo-gst/3_gui_launch_tool/__prototypes__/2.0_gui_pub_sub/build/pub
[8.690s] Level 1:colcon.colcon_core.environment:create_environment_scripts_only(pub)
[8.692s] Level 1:colcon.colcon_core.environment:checking '/home/ros/github/stereo-gst/3_gui_launch_tool/__prototypes__/2.0_gui_pub_sub/install/pub' for CMake module files
[8.694s] DEBUG:colcon.colcon_core.event_handler.log_command:Invoked command in '/home/ros/github/stereo-gst/3_gui_launch_tool/__prototypes__/2.0_gui_pub_sub/build/pub' returned '0': CMAKE_PREFIX_PATH=${CMAKE_PREFIX_PATH}:/opt/ros/foxy /usr/bin/cmake --install /home/ros/github/stereo-gst/3_gui_launch_tool/__prototypes__/2.0_gui_pub_sub/build/pub
[8.694s] Level 1:colcon.colcon_core.environment:checking '/home/ros/github/stereo-gst/3_gui_launch_tool/__prototypes__/2.0_gui_pub_sub/install/pub' for CMake config files
[8.695s] Level 1:colcon.colcon_core.shell:create_environment_hook('pub', 'cmake_prefix_path')
[8.696s] INFO:colcon.colcon_core.shell:Creating environment hook '/home/ros/github/stereo-gst/3_gui_launch_tool/__prototypes__/2.0_gui_pub_sub/install/pub/share/pub/hook/cmake_prefix_path.ps1'
[8.696s] INFO:colcon.colcon_core.shell:Creating environment descriptor '/home/ros/github/stereo-gst/3_gui_launch_tool/__prototypes__/2.0_gui_pub_sub/install/pub/share/pub/hook/cmake_prefix_path.dsv'
[8.697s] INFO:colcon.colcon_core.shell:Creating environment hook '/home/ros/github/stereo-gst/3_gui_launch_tool/__prototypes__/2.0_gui_pub_sub/install/pub/share/pub/hook/cmake_prefix_path.sh'
[8.697s] Level 1:colcon.colcon_core.environment:checking '/home/ros/github/stereo-gst/3_gui_launch_tool/__prototypes__/2.0_gui_pub_sub/install/pub/lib'
[8.697s] Level 1:colcon.colcon_core.environment:checking '/home/ros/github/stereo-gst/3_gui_launch_tool/__prototypes__/2.0_gui_pub_sub/install/pub/bin'
[8.697s] Level 1:colcon.colcon_core.environment:checking '/home/ros/github/stereo-gst/3_gui_launch_tool/__prototypes__/2.0_gui_pub_sub/install/pub/lib/pkgconfig/pub.pc'
[8.698s] Level 1:colcon.colcon_core.environment:checking '/home/ros/github/stereo-gst/3_gui_launch_tool/__prototypes__/2.0_gui_pub_sub/install/pub/lib/python3.8/site-packages'
[8.698s] Level 1:colcon.colcon_core.environment:checking '/home/ros/github/stereo-gst/3_gui_launch_tool/__prototypes__/2.0_gui_pub_sub/install/pub/bin'
[8.699s] INFO:colcon.colcon_core.shell:Creating package script '/home/ros/github/stereo-gst/3_gui_launch_tool/__prototypes__/2.0_gui_pub_sub/install/pub/share/pub/package.ps1'
[8.700s] INFO:colcon.colcon_core.shell:Creating package descriptor '/home/ros/github/stereo-gst/3_gui_launch_tool/__prototypes__/2.0_gui_pub_sub/install/pub/share/pub/package.dsv'
[8.701s] INFO:colcon.colcon_core.shell:Creating package script '/home/ros/github/stereo-gst/3_gui_launch_tool/__prototypes__/2.0_gui_pub_sub/install/pub/share/pub/package.sh'
[8.701s] INFO:colcon.colcon_core.shell:Creating package script '/home/ros/github/stereo-gst/3_gui_launch_tool/__prototypes__/2.0_gui_pub_sub/install/pub/share/pub/package.bash'
[8.701s] INFO:colcon.colcon_core.shell:Creating package script '/home/ros/github/stereo-gst/3_gui_launch_tool/__prototypes__/2.0_gui_pub_sub/install/pub/share/pub/package.zsh'
[8.702s] Level 1:colcon.colcon_core.environment:create_file_with_runtime_dependencies(/home/ros/github/stereo-gst/3_gui_launch_tool/__prototypes__/2.0_gui_pub_sub/install/pub/share/colcon-core/packages/pub)
[8.728s] Level 1:colcon.colcon_core.environment:create_environment_scripts_only(pub)
[8.730s] Level 1:colcon.colcon_core.environment:checking '/home/ros/github/stereo-gst/3_gui_launch_tool/__prototypes__/2.0_gui_pub_sub/install/pub' for CMake module files
[8.730s] Level 1:colcon.colcon_core.environment:checking '/home/ros/github/stereo-gst/3_gui_launch_tool/__prototypes__/2.0_gui_pub_sub/install/pub' for CMake config files
[8.731s] Level 1:colcon.colcon_core.shell:create_environment_hook('pub', 'cmake_prefix_path')
[8.732s] INFO:colcon.colcon_core.shell:Creating environment hook '/home/ros/github/stereo-gst/3_gui_launch_tool/__prototypes__/2.0_gui_pub_sub/install/pub/share/pub/hook/cmake_prefix_path.ps1'
[8.733s] INFO:colcon.colcon_core.shell:Creating environment descriptor '/home/ros/github/stereo-gst/3_gui_launch_tool/__prototypes__/2.0_gui_pub_sub/install/pub/share/pub/hook/cmake_prefix_path.dsv'
[8.733s] INFO:colcon.colcon_core.shell:Creating environment hook '/home/ros/github/stereo-gst/3_gui_launch_tool/__prototypes__/2.0_gui_pub_sub/install/pub/share/pub/hook/cmake_prefix_path.sh'
[8.734s] Level 1:colcon.colcon_core.environment:checking '/home/ros/github/stereo-gst/3_gui_launch_tool/__prototypes__/2.0_gui_pub_sub/install/pub/lib'
[8.734s] Level 1:colcon.colcon_core.environment:checking '/home/ros/github/stereo-gst/3_gui_launch_tool/__prototypes__/2.0_gui_pub_sub/install/pub/bin'
[8.734s] Level 1:colcon.colcon_core.environment:checking '/home/ros/github/stereo-gst/3_gui_launch_tool/__prototypes__/2.0_gui_pub_sub/install/pub/lib/pkgconfig/pub.pc'
[8.734s] Level 1:colcon.colcon_core.environment:checking '/home/ros/github/stereo-gst/3_gui_launch_tool/__prototypes__/2.0_gui_pub_sub/install/pub/lib/python3.8/site-packages'
[8.734s] Level 1:colcon.colcon_core.environment:checking '/home/ros/github/stereo-gst/3_gui_launch_tool/__prototypes__/2.0_gui_pub_sub/install/pub/bin'
[8.736s] INFO:colcon.colcon_core.shell:Creating package script '/home/ros/github/stereo-gst/3_gui_launch_tool/__prototypes__/2.0_gui_pub_sub/install/pub/share/pub/package.ps1'
[8.736s] INFO:colcon.colcon_core.shell:Creating package descriptor '/home/ros/github/stereo-gst/3_gui_launch_tool/__prototypes__/2.0_gui_pub_sub/install/pub/share/pub/package.dsv'
[8.737s] INFO:colcon.colcon_core.shell:Creating package script '/home/ros/github/stereo-gst/3_gui_launch_tool/__prototypes__/2.0_gui_pub_sub/install/pub/share/pub/package.sh'
[8.737s] INFO:colcon.colcon_core.shell:Creating package script '/home/ros/github/stereo-gst/3_gui_launch_tool/__prototypes__/2.0_gui_pub_sub/install/pub/share/pub/package.bash'
[8.738s] INFO:colcon.colcon_core.shell:Creating package script '/home/ros/github/stereo-gst/3_gui_launch_tool/__prototypes__/2.0_gui_pub_sub/install/pub/share/pub/package.zsh'
[8.738s] Level 1:colcon.colcon_core.environment:create_file_with_runtime_dependencies(/home/ros/github/stereo-gst/3_gui_launch_tool/__prototypes__/2.0_gui_pub_sub/install/pub/share/colcon-core/packages/pub)
[8.739s] DEBUG:colcon.colcon_parallel_executor.executor.parallel:closing loop
[8.739s] DEBUG:colcon.colcon_parallel_executor.executor.parallel:loop closed
[8.739s] DEBUG:colcon.colcon_parallel_executor.executor.parallel:run_until_complete finished with '0'
[8.739s] DEBUG:colcon.colcon_core.event_reactor:joining thread
[8.746s] INFO:colcon.colcon_core.plugin_system:Skipping extension 'colcon_notification.desktop_notification.terminal_notifier': Not used on non-Darwin systems
[8.746s] INFO:colcon.colcon_core.plugin_system:Skipping extension 'colcon_notification.desktop_notification.win32': Not used on non-Windows systems
[8.746s] INFO:colcon.colcon_notification.desktop_notification:Sending desktop notification using 'notify2'
[8.770s] DEBUG:colcon.colcon_core.event_reactor:joined thread
[8.772s] INFO:colcon.colcon_core.shell:Creating prefix script '/home/ros/github/stereo-gst/3_gui_launch_tool/__prototypes__/2.0_gui_pub_sub/install/local_setup.ps1'
[8.773s] INFO:colcon.colcon_core.shell:Creating prefix util module '/home/ros/github/stereo-gst/3_gui_launch_tool/__prototypes__/2.0_gui_pub_sub/install/_local_setup_util_ps1.py'
[8.774s] INFO:colcon.colcon_core.shell:Creating prefix chain script '/home/ros/github/stereo-gst/3_gui_launch_tool/__prototypes__/2.0_gui_pub_sub/install/setup.ps1'
[8.776s] INFO:colcon.colcon_core.shell:Creating prefix script '/home/ros/github/stereo-gst/3_gui_launch_tool/__prototypes__/2.0_gui_pub_sub/install/local_setup.sh'
[8.778s] INFO:colcon.colcon_core.shell:Creating prefix util module '/home/ros/github/stereo-gst/3_gui_launch_tool/__prototypes__/2.0_gui_pub_sub/install/_local_setup_util_sh.py'
[8.779s] INFO:colcon.colcon_core.shell:Creating prefix chain script '/home/ros/github/stereo-gst/3_gui_launch_tool/__prototypes__/2.0_gui_pub_sub/install/setup.sh'
[8.782s] INFO:colcon.colcon_core.shell:Creating prefix script '/home/ros/github/stereo-gst/3_gui_launch_tool/__prototypes__/2.0_gui_pub_sub/install/local_setup.bash'
[8.783s] INFO:colcon.colcon_core.shell:Creating prefix chain script '/home/ros/github/stereo-gst/3_gui_launch_tool/__prototypes__/2.0_gui_pub_sub/install/setup.bash'
[8.784s] INFO:colcon.colcon_core.shell:Creating prefix script '/home/ros/github/stereo-gst/3_gui_launch_tool/__prototypes__/2.0_gui_pub_sub/install/local_setup.zsh'
[8.785s] INFO:colcon.colcon_core.shell:Creating prefix chain script '/home/ros/github/stereo-gst/3_gui_launch_tool/__prototypes__/2.0_gui_pub_sub/install/setup.zsh'
